# JRE version: OpenJDK Runtime Environment (8.0_152-b01) (build 1.8.0_152-release-1024-b01)
# Java VM: OpenJDK 64-Bit Server VM (25.152-b01 mixed mode linux-amd64 compressed oops)
Heap:
 PSYoungGen      total 224768K, used 14842K [0x00000000e0000000, 0x00000000eeb80000, 0x0000000100000000)
  eden space 209920K, 0% used [0x00000000e0000000,0x00000000e0000000,0x00000000ecd00000)
  from space 14848K, 99% used [0x00000000ece80000,0x00000000edcfea70,0x00000000edd00000)
  to   space 8704K, 0% used [0x00000000ee300000,0x00000000ee300000,0x00000000eeb80000)
 ParOldGen       total 78336K, used 21233K [0x00000000a0000000, 0x00000000a4c80000, 0x00000000e0000000)
  object space 78336K, 27% used [0x00000000a0000000,0x00000000a14bc570,0x00000000a4c80000)
 Metaspace       used 46860K, capacity 48140K, committed 48472K, reserved 1091584K
  class space    used 6339K, capacity 6710K, committed 6784K, reserved 1048576K
GC Heap History (10 events):
Event: 3.059 GC heap after
Heap after GC invocations=4 (full 0):
 PSYoungGen      total 132096K, used 5104K [0x00000000e0000000, 0x00000000e8600000, 0x0000000100000000)
  eden space 126976K, 0% used [0x00000000e0000000,0x00000000e0000000,0x00000000e7c00000)
  from space 5120K, 99% used [0x00000000e8100000,0x00000000e85fc020,0x00000000e8600000)
  to   space 5120K, 0% used [0x00000000e7c00000,0x00000000e7c00000,0x00000000e8100000)
 ParOldGen       total 84992K, used 9482K [0x00000000a0000000, 0x00000000a5300000, 0x00000000e0000000)
  object space 84992K, 11% used [0x00000000a0000000,0x00000000a0942a68,0x00000000a5300000)
 Metaspace       used 20847K, capacity 21154K, committed 21248K, reserved 1067008K
  class space    used 2842K, capacity 2978K, committed 3072K, reserved 1048576K
}
Event: 3.059 GC heap before
{Heap before GC invocations=5 (full 1):
 PSYoungGen      total 132096K, used 5104K [0x00000000e0000000, 0x00000000e8600000, 0x0000000100000000)
  eden space 126976K, 0% used [0x00000000e0000000,0x00000000e0000000,0x00000000e7c00000)
  from space 5120K, 99% used [0x00000000e8100000,0x00000000e85fc020,0x00000000e8600000)
  to   space 5120K, 0% used [0x00000000e7c00000,0x00000000e7c00000,0x00000000e8100000)
 ParOldGen       total 84992K, used 9482K [0x00000000a0000000, 0x00000000a5300000, 0x00000000e0000000)
  object space 84992K, 11% used [0x00000000a0000000,0x00000000a0942a68,0x00000000a5300000)
 Metaspace       used 20847K, capacity 21154K, committed 21248K, reserved 1067008K
  class space    used 2842K, capacity 2978K, committed 3072K, reserved 1048576K
Event: 3.115 GC heap after
Heap after GC invocations=5 (full 1):
 PSYoungGen      total 132096K, used 0K [0x00000000e0000000, 0x00000000e8600000, 0x0000000100000000)
  eden space 126976K, 0% used [0x00000000e0000000,0x00000000e0000000,0x00000000e7c00000)
  from space 5120K, 0% used [0x00000000e8100000,0x00000000e8100000,0x00000000e8600000)
  to   space 5120K, 0% used [0x00000000e7c00000,0x00000000e7c00000,0x00000000e8100000)
 ParOldGen       total 55808K, used 8411K [0x00000000a0000000, 0x00000000a3680000, 0x00000000e0000000)
  object space 55808K, 15% used [0x00000000a0000000,0x00000000a0836ed0,0x00000000a3680000)
 Metaspace       used 20847K, capacity 21154K, committed 21248K, reserved 1067008K
  class space    used 2842K, capacity 2978K, committed 3072K, reserved 1048576K
}
Event: 9.297 GC heap before
{Heap before GC invocations=6 (full 1):
 PSYoungGen      total 132096K, used 126976K [0x00000000e0000000, 0x00000000e8600000, 0x0000000100000000)
  eden space 126976K, 100% used [0x00000000e0000000,0x00000000e7c00000,0x00000000e7c00000)
  from space 5120K, 0% used [0x00000000e8100000,0x00000000e8100000,0x00000000e8600000)
  to   space 5120K, 0% used [0x00000000e7c00000,0x00000000e7c00000,0x00000000e8100000)
 ParOldGen       total 55808K, used 8411K [0x00000000a0000000, 0x00000000a3680000, 0x00000000e0000000)
  object space 55808K, 15% used [0x00000000a0000000,0x00000000a0836ed0,0x00000000a3680000)
 Metaspace       used 29999K, capacity 30574K, committed 30720K, reserved 1075200K
  class space    used 4141K, capacity 4329K, committed 4352K, reserved 1048576K
Event: 9.324 GC heap after
Heap after GC invocations=6 (full 1):
 PSYoungGen      total 132096K, used 5120K [0x00000000e0000000, 0x00000000ef280000, 0x0000000100000000)
  eden space 126976K, 0% used [0x00000000e0000000,0x00000000e0000000,0x00000000e7c00000)
  from space 5120K, 100% used [0x00000000e7c00000,0x00000000e8100000,0x00000000e8100000)
  to   space 15872K, 0% used [0x00000000ee300000,0x00000000ee300000,0x00000000ef280000)
 ParOldGen       total 55808K, used 16867K [0x00000000a0000000, 0x00000000a3680000, 0x00000000e0000000)
  object space 55808K, 30% used [0x00000000a0000000,0x00000000a1078dc8,0x00000000a3680000)
 Metaspace       used 29999K, capacity 30574K, committed 30720K, reserved 1075200K
  class space    used 4141K, capacity 4329K, committed 4352K, reserved 1048576K
}
Event: 10.095 GC heap before
{Heap before GC invocations=7 (full 1):
 PSYoungGen      total 132096K, used 36566K [0x00000000e0000000, 0x00000000ef280000, 0x0000000100000000)
  eden space 126976K, 24% used [0x00000000e0000000,0x00000000e1eb59a0,0x00000000e7c00000)
  from space 5120K, 100% used [0x00000000e7c00000,0x00000000e8100000,0x00000000e8100000)
  to   space 15872K, 0% used [0x00000000ee300000,0x00000000ee300000,0x00000000ef280000)
 ParOldGen       total 55808K, used 16867K [0x00000000a0000000, 0x00000000a3680000, 0x00000000e0000000)
  object space 55808K, 30% used [0x00000000a0000000,0x00000000a1078dc8,0x00000000a3680000)
 Metaspace       used 34623K, capacity 35280K, committed 35416K, reserved 1079296K
  class space    used 4746K, capacity 4963K, committed 4992K, reserved 1048576K
Event: 10.101 GC heap after
Heap after GC invocations=7 (full 1):
 PSYoungGen      total 218624K, used 8632K [0x00000000e0000000, 0x00000000eeb80000, 0x0000000100000000)
  eden space 209920K, 0% used [0x00000000e0000000,0x00000000e0000000,0x00000000ecd00000)
  from space 8704K, 99% used [0x00000000ee300000,0x00000000eeb6e1e0,0x00000000eeb80000)
  to   space 14848K, 0% used [0x00000000ece80000,0x00000000ece80000,0x00000000edd00000)
 ParOldGen       total 55808K, used 16875K [0x00000000a0000000, 0x00000000a3680000, 0x00000000e0000000)
  object space 55808K, 30% used [0x00000000a0000000,0x00000000a107adc8,0x00000000a3680000)
 Metaspace       used 34623K, capacity 35280K, committed 35416K, reserved 1079296K
  class space    used 4746K, capacity 4963K, committed 4992K, reserved 1048576K
}
Event: 10.102 GC heap before
{Heap before GC invocations=8 (full 2):
 PSYoungGen      total 218624K, used 8632K [0x00000000e0000000, 0x00000000eeb80000, 0x0000000100000000)
  eden space 209920K, 0% used [0x00000000e0000000,0x00000000e0000000,0x00000000ecd00000)
  from space 8704K, 99% used [0x00000000ee300000,0x00000000eeb6e1e0,0x00000000eeb80000)
  to   space 14848K, 0% used [0x00000000ece80000,0x00000000ece80000,0x00000000edd00000)
 ParOldGen       total 55808K, used 16875K [0x00000000a0000000, 0x00000000a3680000, 0x00000000e0000000)
  object space 55808K, 30% used [0x00000000a0000000,0x00000000a107adc8,0x00000000a3680000)
 Metaspace       used 34623K, capacity 35280K, committed 35416K, reserved 1079296K
  class space    used 4746K, capacity 4963K, committed 4992K, reserved 1048576K
Event: 10.181 GC heap after
Heap after GC invocations=8 (full 2):
 PSYoungGen      total 218624K, used 0K [0x00000000e0000000, 0x00000000eeb80000, 0x0000000100000000)
  eden space 209920K, 0% used [0x00000000e0000000,0x00000000e0000000,0x00000000ecd00000)
  from space 8704K, 0% used [0x00000000ee300000,0x00000000ee300000,0x00000000eeb80000)
  to   space 14848K, 0% used [0x00000000ece80000,0x00000000ece80000,0x00000000edd00000)
 ParOldGen       total 78336K, used 15627K [0x00000000a0000000, 0x00000000a4c80000, 0x00000000e0000000)
  object space 78336K, 19% used [0x00000000a0000000,0x00000000a0f42cb0,0x00000000a4c80000)
 Metaspace       used 34623K, capacity 35280K, committed 35416K, reserved 1079296K
  class space    used 4746K, capacity 4963K, committed 4992K, reserved 1048576K
}
Event: 12.717 GC heap before
{Heap before GC invocations=9 (full 2):
 PSYoungGen      total 218624K, used 209920K [0x00000000e0000000, 0x00000000eeb80000, 0x0000000100000000)
  eden space 209920K, 100% used [0x00000000e0000000,0x00000000ecd00000,0x00000000ecd00000)
  from space 8704K, 0% used [0x00000000ee300000,0x00000000ee300000,0x00000000eeb80000)
  to   space 14848K, 0% used [0x00000000ece80000,0x00000000ece80000,0x00000000edd00000)
 ParOldGen       total 78336K, used 15627K [0x00000000a0000000, 0x00000000a4c80000, 0x00000000e0000000)
  object space 78336K, 19% used [0x00000000a0000000,0x00000000a0f42cb0,0x00000000a4c80000)
 Metaspace       used 46860K, capacity 48140K, committed 48472K, reserved 1091584K
  class space    used 6339K, capacity 6710K, committed 6784K, reserved 1048576K

